0 info it worked if it ends with ok
1 verbose cli [ 'C:\\Program Files\\nodejs\\node.exe',
1 verbose cli   'C:\\Program Files\\nodejs\\node_modules\\npm\\bin\\npm-cli.js',
1 verbose cli   'install',
1 verbose cli   'sleep',
1 verbose cli   '--save' ]
2 info using npm@3.10.9
3 info using node@v6.9.2
4 silly loadCurrentTree Starting
5 silly install loadCurrentTree
6 silly install readLocalPackageData
7 silly fetchPackageMetaData sleep
8 silly fetchNamedPackageData sleep
9 silly mapToRegistry name sleep
10 silly mapToRegistry using default registry
11 silly mapToRegistry registry https://registry.npmjs.org/
12 silly mapToRegistry data Result {
12 silly mapToRegistry   raw: 'sleep',
12 silly mapToRegistry   scope: null,
12 silly mapToRegistry   escapedName: 'sleep',
12 silly mapToRegistry   name: 'sleep',
12 silly mapToRegistry   rawSpec: '',
12 silly mapToRegistry   spec: 'latest',
12 silly mapToRegistry   type: 'tag' }
13 silly mapToRegistry uri https://registry.npmjs.org/sleep
14 verbose request uri https://registry.npmjs.org/sleep
15 verbose request no auth needed
16 info attempt registry request try #1 at 15:58:11
17 verbose request id 2713ef19dad641db
18 http request GET https://registry.npmjs.org/sleep
19 http 200 https://registry.npmjs.org/sleep
20 verbose headers { server: 'nginx/1.10.1',
20 verbose headers   'content-type': 'application/json',
20 verbose headers   'last-modified': 'Tue, 10 Jan 2017 01:39:01 GMT',
20 verbose headers   etag: 'W/"58743b35-520a"',
20 verbose headers   'content-encoding': 'gzip',
20 verbose headers   'cache-control': 'max-age=300',
20 verbose headers   'content-length': '2892',
20 verbose headers   'accept-ranges': 'bytes',
20 verbose headers   date: 'Fri, 20 Jan 2017 06:58:11 GMT',
20 verbose headers   via: '1.1 varnish',
20 verbose headers   age: '271',
20 verbose headers   connection: 'keep-alive',
20 verbose headers   'x-served-by': 'cache-sjc3130-SJC',
20 verbose headers   'x-cache': 'HIT',
20 verbose headers   'x-cache-hits': '1',
20 verbose headers   'x-timer': 'S1484895491.796894,VS0,VE0',
20 verbose headers   vary: 'Accept-Encoding' }
21 silly get cb [ 200,
21 silly get   { server: 'nginx/1.10.1',
21 silly get     'content-type': 'application/json',
21 silly get     'last-modified': 'Tue, 10 Jan 2017 01:39:01 GMT',
21 silly get     etag: 'W/"58743b35-520a"',
21 silly get     'content-encoding': 'gzip',
21 silly get     'cache-control': 'max-age=300',
21 silly get     'content-length': '2892',
21 silly get     'accept-ranges': 'bytes',
21 silly get     date: 'Fri, 20 Jan 2017 06:58:11 GMT',
21 silly get     via: '1.1 varnish',
21 silly get     age: '271',
21 silly get     connection: 'keep-alive',
21 silly get     'x-served-by': 'cache-sjc3130-SJC',
21 silly get     'x-cache': 'HIT',
21 silly get     'x-cache-hits': '1',
21 silly get     'x-timer': 'S1484895491.796894,VS0,VE0',
21 silly get     vary: 'Accept-Encoding' } ]
22 verbose get saving sleep to C:\Users\hiyoon\AppData\Roaming\npm-cache\registry.npmjs.org\sleep\.cache.json
23 verbose correctMkdir C:\Users\hiyoon\AppData\Roaming\npm-cache correctMkdir not in flight; initializing
24 silly install normalizeTree
25 silly loadCurrentTree Finishing
26 silly loadIdealTree Starting
27 silly install loadIdealTree
28 silly cloneCurrentTree Starting
29 silly install cloneCurrentTreeToIdealTree
30 silly cloneCurrentTree Finishing
31 silly loadShrinkwrap Starting
32 silly install loadShrinkwrap
33 silly loadShrinkwrap Finishing
34 silly loadAllDepsIntoIdealTree Starting
35 silly install loadAllDepsIntoIdealTree
36 silly resolveWithNewModule sleep@5.1.0 checking installable status
37 silly cache add args [ 'sleep', null ]
38 verbose cache add spec sleep
39 silly cache add parsed spec Result {
39 silly cache add   raw: 'sleep',
39 silly cache add   scope: null,
39 silly cache add   escapedName: 'sleep',
39 silly cache add   name: 'sleep',
39 silly cache add   rawSpec: '',
39 silly cache add   spec: 'latest',
39 silly cache add   type: 'tag' }
40 silly addNamed sleep@latest
41 verbose addNamed "latest" is being treated as a dist-tag for sleep
42 info addNameTag [ 'sleep', 'latest' ]
43 silly mapToRegistry name sleep
44 silly mapToRegistry using default registry
45 silly mapToRegistry registry https://registry.npmjs.org/
46 silly mapToRegistry data Result {
46 silly mapToRegistry   raw: 'sleep',
46 silly mapToRegistry   scope: null,
46 silly mapToRegistry   escapedName: 'sleep',
46 silly mapToRegistry   name: 'sleep',
46 silly mapToRegistry   rawSpec: '',
46 silly mapToRegistry   spec: 'latest',
46 silly mapToRegistry   type: 'tag' }
47 silly mapToRegistry uri https://registry.npmjs.org/sleep
48 verbose addNameTag registry:https://registry.npmjs.org/sleep not in flight; fetching
49 verbose get https://registry.npmjs.org/sleep not expired, no request
50 silly addNameTag next cb for sleep with tag latest
51 silly addNamed sleep@5.1.0
52 verbose addNamed "5.1.0" is a plain semver version for sleep
53 silly mapToRegistry name sleep
54 silly mapToRegistry using default registry
55 silly mapToRegistry registry https://registry.npmjs.org/
56 silly mapToRegistry data Result {
56 silly mapToRegistry   raw: 'sleep',
56 silly mapToRegistry   scope: null,
56 silly mapToRegistry   escapedName: 'sleep',
56 silly mapToRegistry   name: 'sleep',
56 silly mapToRegistry   rawSpec: '',
56 silly mapToRegistry   spec: 'latest',
56 silly mapToRegistry   type: 'tag' }
57 silly mapToRegistry uri https://registry.npmjs.org/sleep
58 verbose addRemoteTarball https://registry.npmjs.org/sleep/-/sleep-5.1.0.tgz not in flight; adding
59 verbose addRemoteTarball [ 'https://registry.npmjs.org/sleep/-/sleep-5.1.0.tgz',
59 verbose addRemoteTarball   '0e0b16205d9f9e3b0a95357744b103e797b4c7c1' ]
60 info retry fetch attempt 1 at 15:58:12
61 info attempt registry request try #1 at 15:58:12
62 http fetch GET https://registry.npmjs.org/sleep/-/sleep-5.1.0.tgz
63 http fetch 200 https://registry.npmjs.org/sleep/-/sleep-5.1.0.tgz
64 silly fetchAndShaCheck shasum 0e0b16205d9f9e3b0a95357744b103e797b4c7c1
65 verbose addTmpTarball C:\Users\hiyoon\AppData\Local\Temp\npm-18368-2a07585d\registry.npmjs.org\sleep\-\sleep-5.1.0.tgz not in flight; adding
66 verbose addTmpTarball already have metadata; skipping unpack for sleep@5.1.0
67 verbose correctMkdir C:\Users\hiyoon\AppData\Roaming\npm-cache correctMkdir not in flight; initializing
68 silly cache afterAdd sleep@5.1.0
69 verbose afterAdd C:\Users\hiyoon\AppData\Roaming\npm-cache\sleep\5.1.0\package\package.json not in flight; writing
70 verbose correctMkdir C:\Users\hiyoon\AppData\Roaming\npm-cache correctMkdir not in flight; initializing
71 verbose afterAdd C:\Users\hiyoon\AppData\Roaming\npm-cache\sleep\5.1.0\package\package.json written
72 silly fetchNamedPackageData nan
73 silly mapToRegistry name nan
74 silly mapToRegistry using default registry
75 silly mapToRegistry registry https://registry.npmjs.org/
76 silly mapToRegistry data Result {
76 silly mapToRegistry   raw: 'nan',
76 silly mapToRegistry   scope: null,
76 silly mapToRegistry   escapedName: 'nan',
76 silly mapToRegistry   name: 'nan',
76 silly mapToRegistry   rawSpec: '',
76 silly mapToRegistry   spec: 'latest',
76 silly mapToRegistry   type: 'tag' }
77 silly mapToRegistry uri https://registry.npmjs.org/nan
78 verbose request uri https://registry.npmjs.org/nan
79 verbose request no auth needed
80 info attempt registry request try #1 at 15:58:12
81 http request GET https://registry.npmjs.org/nan
82 http 200 https://registry.npmjs.org/nan
83 verbose headers { server: 'nginx/1.10.1',
83 verbose headers   'content-type': 'application/json',
83 verbose headers   'last-modified': 'Wed, 21 Dec 2016 18:49:51 GMT',
83 verbose headers   etag: 'W/"585acecf-1d7db"',
83 verbose headers   'content-encoding': 'gzip',
83 verbose headers   'cache-control': 'max-age=300',
83 verbose headers   'content-length': '14296',
83 verbose headers   'accept-ranges': 'bytes',
83 verbose headers   date: 'Fri, 20 Jan 2017 06:58:12 GMT',
83 verbose headers   via: '1.1 varnish',
83 verbose headers   age: '95',
83 verbose headers   connection: 'keep-alive',
83 verbose headers   'x-served-by': 'cache-sjc3130-SJC',
83 verbose headers   'x-cache': 'HIT',
83 verbose headers   'x-cache-hits': '10727',
83 verbose headers   'x-timer': 'S1484895492.277013,VS0,VE0',
83 verbose headers   vary: 'Accept-Encoding' }
84 silly get cb [ 200,
84 silly get   { server: 'nginx/1.10.1',
84 silly get     'content-type': 'application/json',
84 silly get     'last-modified': 'Wed, 21 Dec 2016 18:49:51 GMT',
84 silly get     etag: 'W/"585acecf-1d7db"',
84 silly get     'content-encoding': 'gzip',
84 silly get     'cache-control': 'max-age=300',
84 silly get     'content-length': '14296',
84 silly get     'accept-ranges': 'bytes',
84 silly get     date: 'Fri, 20 Jan 2017 06:58:12 GMT',
84 silly get     via: '1.1 varnish',
84 silly get     age: '95',
84 silly get     connection: 'keep-alive',
84 silly get     'x-served-by': 'cache-sjc3130-SJC',
84 silly get     'x-cache': 'HIT',
84 silly get     'x-cache-hits': '10727',
84 silly get     'x-timer': 'S1484895492.277013,VS0,VE0',
84 silly get     vary: 'Accept-Encoding' } ]
85 verbose get saving nan to C:\Users\hiyoon\AppData\Roaming\npm-cache\registry.npmjs.org\nan\.cache.json
86 verbose correctMkdir C:\Users\hiyoon\AppData\Roaming\npm-cache correctMkdir not in flight; initializing
87 silly resolveWithNewModule nan@2.5.0 checking installable status
88 silly cache add args [ 'nan@>=2.0.0', null ]
89 verbose cache add spec nan@>=2.0.0
90 silly cache add parsed spec Result {
90 silly cache add   raw: 'nan@>=2.0.0',
90 silly cache add   scope: null,
90 silly cache add   escapedName: 'nan',
90 silly cache add   name: 'nan',
90 silly cache add   rawSpec: '>=2.0.0',
90 silly cache add   spec: '>=2.0.0',
90 silly cache add   type: 'range' }
91 silly addNamed nan@>=2.0.0
92 verbose addNamed ">=2.0.0" is a valid semver range for nan
93 silly addNameRange { name: 'nan', range: '>=2.0.0', hasData: false }
94 silly mapToRegistry name nan
95 silly mapToRegistry using default registry
96 silly mapToRegistry registry https://registry.npmjs.org/
97 silly mapToRegistry data Result {
97 silly mapToRegistry   raw: 'nan',
97 silly mapToRegistry   scope: null,
97 silly mapToRegistry   escapedName: 'nan',
97 silly mapToRegistry   name: 'nan',
97 silly mapToRegistry   rawSpec: '',
97 silly mapToRegistry   spec: 'latest',
97 silly mapToRegistry   type: 'tag' }
98 silly mapToRegistry uri https://registry.npmjs.org/nan
99 verbose addNameRange registry:https://registry.npmjs.org/nan not in flight; fetching
100 verbose get https://registry.npmjs.org/nan not expired, no request
101 silly addNameRange number 2 { name: 'nan', range: '>=2.0.0', hasData: true }
102 silly addNameRange versions [ 'nan',
102 silly addNameRange   [ '0.3.0-wip',
102 silly addNameRange     '0.3.0-wip2',
102 silly addNameRange     '0.3.0',
102 silly addNameRange     '0.3.1',
102 silly addNameRange     '0.3.2',
102 silly addNameRange     '0.4.0',
102 silly addNameRange     '0.4.1',
102 silly addNameRange     '0.4.2',
102 silly addNameRange     '0.4.3',
102 silly addNameRange     '0.4.4',
102 silly addNameRange     '0.5.0',
102 silly addNameRange     '0.5.1',
102 silly addNameRange     '0.5.2',
102 silly addNameRange     '0.6.0',
102 silly addNameRange     '0.7.0',
102 silly addNameRange     '0.7.1',
102 silly addNameRange     '0.8.0',
102 silly addNameRange     '1.0.0',
102 silly addNameRange     '1.1.0',
102 silly addNameRange     '1.1.1',
102 silly addNameRange     '1.1.2',
102 silly addNameRange     '1.2.0',
102 silly addNameRange     '1.3.0',
102 silly addNameRange     '1.4.0',
102 silly addNameRange     '1.4.1',
102 silly addNameRange     '1.5.0',
102 silly addNameRange     '1.4.2',
102 silly addNameRange     '1.4.3',
102 silly addNameRange     '1.5.1',
102 silly addNameRange     '1.5.2',
102 silly addNameRange     '1.6.0',
102 silly addNameRange     '1.5.3',
102 silly addNameRange     '1.6.1',
102 silly addNameRange     '1.6.2',
102 silly addNameRange     '1.7.0',
102 silly addNameRange     '1.8.0',
102 silly addNameRange     '1.8.1',
102 silly addNameRange     '1.8.2',
102 silly addNameRange     '1.8.3',
102 silly addNameRange     '1.8.4',
102 silly addNameRange     '1.9.0',
102 silly addNameRange     '2.0.0',
102 silly addNameRange     '2.0.1',
102 silly addNameRange     '2.0.2',
102 silly addNameRange     '2.0.3',
102 silly addNameRange     '2.0.4',
102 silly addNameRange     '2.0.5',
102 silly addNameRange     '2.0.6',
102 silly addNameRange     '2.0.7',
102 silly addNameRange     '2.0.8',
102 silly addNameRange     '2.0.9',
102 silly addNameRange     '2.1.0',
102 silly addNameRange     '2.2.0',
102 silly addNameRange     '2.2.1',
102 silly addNameRange     '2.3.0',
102 silly addNameRange     '2.3.1',
102 silly addNameRange     '2.3.2',
102 silly addNameRange     '2.3.3',
102 silly addNameRange     '2.3.4',
102 silly addNameRange     '2.3.5',
102 silly addNameRange     '2.4.0',
102 silly addNameRange     '2.5.0' ] ]
103 silly addNamed nan@2.5.0
104 verbose addNamed "2.5.0" is a plain semver version for nan
105 silly mapToRegistry name nan
106 silly mapToRegistry using default registry
107 silly mapToRegistry registry https://registry.npmjs.org/
108 silly mapToRegistry data Result {
108 silly mapToRegistry   raw: 'nan',
108 silly mapToRegistry   scope: null,
108 silly mapToRegistry   escapedName: 'nan',
108 silly mapToRegistry   name: 'nan',
108 silly mapToRegistry   rawSpec: '',
108 silly mapToRegistry   spec: 'latest',
108 silly mapToRegistry   type: 'tag' }
109 silly mapToRegistry uri https://registry.npmjs.org/nan
110 verbose addRemoteTarball https://registry.npmjs.org/nan/-/nan-2.5.0.tgz not in flight; adding
111 verbose addRemoteTarball [ 'https://registry.npmjs.org/nan/-/nan-2.5.0.tgz',
111 verbose addRemoteTarball   'aa8f1e34531d807e9e27755b234b4a6ec0c152a8' ]
112 info retry fetch attempt 1 at 15:58:13
113 info attempt registry request try #1 at 15:58:13
114 http fetch GET https://registry.npmjs.org/nan/-/nan-2.5.0.tgz
115 http fetch 200 https://registry.npmjs.org/nan/-/nan-2.5.0.tgz
116 silly fetchAndShaCheck shasum aa8f1e34531d807e9e27755b234b4a6ec0c152a8
117 verbose addTmpTarball C:\Users\hiyoon\AppData\Local\Temp\npm-18368-2a07585d\registry.npmjs.org\nan\-\nan-2.5.0.tgz not in flight; adding
118 verbose addTmpTarball already have metadata; skipping unpack for nan@2.5.0
119 verbose correctMkdir C:\Users\hiyoon\AppData\Roaming\npm-cache correctMkdir not in flight; initializing
120 silly cache afterAdd nan@2.5.0
121 verbose afterAdd C:\Users\hiyoon\AppData\Roaming\npm-cache\nan\2.5.0\package\package.json not in flight; writing
122 verbose correctMkdir C:\Users\hiyoon\AppData\Roaming\npm-cache correctMkdir not in flight; initializing
123 verbose afterAdd C:\Users\hiyoon\AppData\Roaming\npm-cache\nan\2.5.0\package\package.json written
124 silly loadAllDepsIntoIdealTree Finishing
125 silly loadIdealTree Finishing
126 silly currentTree application-name@0.0.1
126 silly currentTree +-- accepts@1.3.3
126 silly currentTree +-- ansi-regex@2.0.0
126 silly currentTree +-- ansi-styles@2.2.1
126 silly currentTree +-- array-flatten@1.1.1
126 silly currentTree +-- asn1@0.2.3
126 silly currentTree +-- assert-plus@0.2.0
126 silly currentTree +-- async@2.1.4
126 silly currentTree +-- asynckit@0.4.0
126 silly currentTree +-- aws-sign2@0.6.0
126 silly currentTree +-- aws4@1.5.0
126 silly currentTree +-- bcrypt-pbkdf@1.0.0
126 silly currentTree +-- bignumber.js@2.4.0
126 silly currentTree +-- bluebird@3.4.7
126 silly currentTree +-- body-parser@1.15.2
126 silly currentTree +-- boom@2.10.1
126 silly currentTree +-- bytes@2.4.0
126 silly currentTree +-- caseless@0.11.0
126 silly currentTree +-- chalk@1.1.3
126 silly currentTree +-- combined-stream@1.0.5
126 silly currentTree +-- commander@2.9.0
126 silly currentTree +-- content-disposition@0.5.1
126 silly currentTree +-- content-type@1.0.2
126 silly currentTree +-- cookie-signature@1.0.6
126 silly currentTree +-- cookie@0.3.1
126 silly currentTree +-- core-util-is@1.0.2
126 silly currentTree +-- cryptiles@2.0.5
126 silly currentTree +-- dashdash@1.14.1
126 silly currentTree | `-- assert-plus@1.0.0
126 silly currentTree +-- debug@2.2.0
126 silly currentTree +-- delayed-stream@1.0.0
126 silly currentTree +-- depd@1.1.0
126 silly currentTree +-- destroy@1.0.4
126 silly currentTree +-- ecc-jsbn@0.1.1
126 silly currentTree +-- ee-first@1.1.1
126 silly currentTree +-- ejs@2.5.5
126 silly currentTree +-- encodeurl@1.0.1
126 silly currentTree +-- escape-html@1.0.3
126 silly currentTree +-- escape-string-regexp@1.0.5
126 silly currentTree +-- etag@1.7.0
126 silly currentTree +-- express@4.14.0
126 silly currentTree +-- extend@3.0.0
126 silly currentTree +-- extsprintf@1.0.2
126 silly currentTree +-- finalhandler@0.5.0
126 silly currentTree +-- forever-agent@0.6.1
126 silly currentTree +-- form-data@2.1.2
126 silly currentTree +-- forwarded@0.1.0
126 silly currentTree +-- fresh@0.3.0
126 silly currentTree +-- generate-function@2.0.0
126 silly currentTree +-- generate-object-property@1.2.0
126 silly currentTree +-- getpass@0.1.6
126 silly currentTree | `-- assert-plus@1.0.0
126 silly currentTree +-- graceful-readlink@1.0.1
126 silly currentTree +-- har-validator@2.0.6
126 silly currentTree +-- has-ansi@2.0.0
126 silly currentTree +-- hawk@3.1.3
126 silly currentTree +-- hoek@2.16.3
126 silly currentTree +-- http-errors@1.5.1
126 silly currentTree +-- http-signature@1.1.1
126 silly currentTree +-- iconv-lite@0.4.13
126 silly currentTree +-- inherits@2.0.3
126 silly currentTree +-- ipaddr.js@1.1.1
126 silly currentTree +-- is-my-json-valid@2.15.0
126 silly currentTree +-- is-property@1.0.2
126 silly currentTree +-- is-typedarray@1.0.0
126 silly currentTree +-- isarray@0.0.1
126 silly currentTree +-- isstream@0.1.2
126 silly currentTree +-- jodid25519@1.0.2
126 silly currentTree +-- jsbn@0.1.0
126 silly currentTree +-- json-schema@0.2.3
126 silly currentTree +-- json-stringify-safe@5.0.1
126 silly currentTree +-- jsonpointer@4.0.1
126 silly currentTree +-- jsprim@1.3.1
126 silly currentTree +-- lodash@4.17.4
126 silly currentTree +-- media-typer@0.3.0
126 silly currentTree +-- merge-descriptors@1.0.1
126 silly currentTree +-- methods@1.1.2
126 silly currentTree +-- mime-db@1.25.0
126 silly currentTree +-- mime-types@2.1.13
126 silly currentTree +-- mime@1.3.4
126 silly currentTree +-- ms@0.7.1
126 silly currentTree +-- mysql@2.12.0
126 silly currentTree +-- negotiator@0.6.1
126 silly currentTree +-- node-cron@1.1.2
126 silly currentTree +-- oauth-sign@0.8.2
126 silly currentTree +-- on-finished@2.3.0
126 silly currentTree +-- parseurl@1.3.1
126 silly currentTree +-- path-to-regexp@0.1.7
126 silly currentTree +-- pinkie-promise@2.0.1
126 silly currentTree +-- pinkie@2.0.4
126 silly currentTree +-- proxy-addr@1.1.2
126 silly currentTree +-- punycode@1.4.1
126 silly currentTree +-- qs@6.2.0
126 silly currentTree +-- range-parser@1.2.0
126 silly currentTree +-- raw-body@2.1.7
126 silly currentTree +-- readable-stream@1.1.14
126 silly currentTree +-- request-promise-core@1.1.1
126 silly currentTree +-- request-promise@4.1.1
126 silly currentTree +-- request@2.79.0
126 silly currentTree | `-- qs@6.3.0
126 silly currentTree +-- send@0.14.1
126 silly currentTree +-- serve-static@1.11.1
126 silly currentTree +-- setprototypeof@1.0.2
126 silly currentTree +-- sntp@1.0.9
126 silly currentTree +-- sqlstring@2.2.0
126 silly currentTree +-- sshpk@1.10.1
126 silly currentTree | `-- assert-plus@1.0.0
126 silly currentTree +-- statuses@1.3.1
126 silly currentTree +-- stealthy-require@1.0.0
126 silly currentTree +-- string_decoder@0.10.31
126 silly currentTree +-- stringstream@0.0.5
126 silly currentTree +-- strip-ansi@3.0.1
126 silly currentTree +-- supports-color@2.0.0
126 silly currentTree +-- tough-cookie@2.3.2
126 silly currentTree +-- tunnel-agent@0.4.3
126 silly currentTree +-- tweetnacl@0.14.5
126 silly currentTree +-- type-is@1.6.14
126 silly currentTree +-- unpipe@1.0.0
126 silly currentTree +-- utils-merge@1.0.0
126 silly currentTree +-- uuid@3.0.1
126 silly currentTree +-- vary@1.1.0
126 silly currentTree +-- verror@1.3.6
126 silly currentTree `-- xtend@4.0.1
127 silly idealTree application-name@0.0.1
127 silly idealTree +-- accepts@1.3.3
127 silly idealTree +-- ansi-regex@2.0.0
127 silly idealTree +-- ansi-styles@2.2.1
127 silly idealTree +-- array-flatten@1.1.1
127 silly idealTree +-- asn1@0.2.3
127 silly idealTree +-- assert-plus@0.2.0
127 silly idealTree +-- async@2.1.4
127 silly idealTree +-- asynckit@0.4.0
127 silly idealTree +-- aws-sign2@0.6.0
127 silly idealTree +-- aws4@1.5.0
127 silly idealTree +-- bcrypt-pbkdf@1.0.0
127 silly idealTree +-- bignumber.js@2.4.0
127 silly idealTree +-- bluebird@3.4.7
127 silly idealTree +-- body-parser@1.15.2
127 silly idealTree +-- boom@2.10.1
127 silly idealTree +-- bytes@2.4.0
127 silly idealTree +-- caseless@0.11.0
127 silly idealTree +-- chalk@1.1.3
127 silly idealTree +-- combined-stream@1.0.5
127 silly idealTree +-- commander@2.9.0
127 silly idealTree +-- content-disposition@0.5.1
127 silly idealTree +-- content-type@1.0.2
127 silly idealTree +-- cookie-signature@1.0.6
127 silly idealTree +-- cookie@0.3.1
127 silly idealTree +-- core-util-is@1.0.2
127 silly idealTree +-- cryptiles@2.0.5
127 silly idealTree +-- dashdash@1.14.1
127 silly idealTree | `-- assert-plus@1.0.0
127 silly idealTree +-- debug@2.2.0
127 silly idealTree +-- delayed-stream@1.0.0
127 silly idealTree +-- depd@1.1.0
127 silly idealTree +-- destroy@1.0.4
127 silly idealTree +-- ecc-jsbn@0.1.1
127 silly idealTree +-- ee-first@1.1.1
127 silly idealTree +-- ejs@2.5.5
127 silly idealTree +-- encodeurl@1.0.1
127 silly idealTree +-- escape-html@1.0.3
127 silly idealTree +-- escape-string-regexp@1.0.5
127 silly idealTree +-- etag@1.7.0
127 silly idealTree +-- express@4.14.0
127 silly idealTree +-- extend@3.0.0
127 silly idealTree +-- extsprintf@1.0.2
127 silly idealTree +-- finalhandler@0.5.0
127 silly idealTree +-- forever-agent@0.6.1
127 silly idealTree +-- form-data@2.1.2
127 silly idealTree +-- forwarded@0.1.0
127 silly idealTree +-- fresh@0.3.0
127 silly idealTree +-- generate-function@2.0.0
127 silly idealTree +-- generate-object-property@1.2.0
127 silly idealTree +-- getpass@0.1.6
127 silly idealTree | `-- assert-plus@1.0.0
127 silly idealTree +-- graceful-readlink@1.0.1
127 silly idealTree +-- har-validator@2.0.6
127 silly idealTree +-- has-ansi@2.0.0
127 silly idealTree +-- hawk@3.1.3
127 silly idealTree +-- hoek@2.16.3
127 silly idealTree +-- http-errors@1.5.1
127 silly idealTree +-- http-signature@1.1.1
127 silly idealTree +-- iconv-lite@0.4.13
127 silly idealTree +-- inherits@2.0.3
127 silly idealTree +-- ipaddr.js@1.1.1
127 silly idealTree +-- is-my-json-valid@2.15.0
127 silly idealTree +-- is-property@1.0.2
127 silly idealTree +-- is-typedarray@1.0.0
127 silly idealTree +-- isarray@0.0.1
127 silly idealTree +-- isstream@0.1.2
127 silly idealTree +-- jodid25519@1.0.2
127 silly idealTree +-- jsbn@0.1.0
127 silly idealTree +-- json-schema@0.2.3
127 silly idealTree +-- json-stringify-safe@5.0.1
127 silly idealTree +-- jsonpointer@4.0.1
127 silly idealTree +-- jsprim@1.3.1
127 silly idealTree +-- lodash@4.17.4
127 silly idealTree +-- media-typer@0.3.0
127 silly idealTree +-- merge-descriptors@1.0.1
127 silly idealTree +-- methods@1.1.2
127 silly idealTree +-- mime-db@1.25.0
127 silly idealTree +-- mime-types@2.1.13
127 silly idealTree +-- mime@1.3.4
127 silly idealTree +-- ms@0.7.1
127 silly idealTree +-- mysql@2.12.0
127 silly idealTree +-- nan@2.5.0
127 silly idealTree +-- negotiator@0.6.1
127 silly idealTree +-- node-cron@1.1.2
127 silly idealTree +-- oauth-sign@0.8.2
127 silly idealTree +-- on-finished@2.3.0
127 silly idealTree +-- parseurl@1.3.1
127 silly idealTree +-- path-to-regexp@0.1.7
127 silly idealTree +-- pinkie-promise@2.0.1
127 silly idealTree +-- pinkie@2.0.4
127 silly idealTree +-- proxy-addr@1.1.2
127 silly idealTree +-- punycode@1.4.1
127 silly idealTree +-- qs@6.2.0
127 silly idealTree +-- range-parser@1.2.0
127 silly idealTree +-- raw-body@2.1.7
127 silly idealTree +-- readable-stream@1.1.14
127 silly idealTree +-- request-promise-core@1.1.1
127 silly idealTree +-- request-promise@4.1.1
127 silly idealTree +-- request@2.79.0
127 silly idealTree | `-- qs@6.3.0
127 silly idealTree +-- send@0.14.1
127 silly idealTree +-- serve-static@1.11.1
127 silly idealTree +-- setprototypeof@1.0.2
127 silly idealTree +-- sleep@5.1.0
127 silly idealTree +-- sntp@1.0.9
127 silly idealTree +-- sqlstring@2.2.0
127 silly idealTree +-- sshpk@1.10.1
127 silly idealTree | `-- assert-plus@1.0.0
127 silly idealTree +-- statuses@1.3.1
127 silly idealTree +-- stealthy-require@1.0.0
127 silly idealTree +-- string_decoder@0.10.31
127 silly idealTree +-- stringstream@0.0.5
127 silly idealTree +-- strip-ansi@3.0.1
127 silly idealTree +-- supports-color@2.0.0
127 silly idealTree +-- tough-cookie@2.3.2
127 silly idealTree +-- tunnel-agent@0.4.3
127 silly idealTree +-- tweetnacl@0.14.5
127 silly idealTree +-- type-is@1.6.14
127 silly idealTree +-- unpipe@1.0.0
127 silly idealTree +-- utils-merge@1.0.0
127 silly idealTree +-- uuid@3.0.1
127 silly idealTree +-- vary@1.1.0
127 silly idealTree +-- verror@1.3.6
127 silly idealTree `-- xtend@4.0.1
128 silly generateActionsToTake Starting
129 silly install generateActionsToTake
130 silly generateActionsToTake Finishing
131 silly diffTrees action count 2
132 silly diffTrees add nan@2.5.0
133 silly diffTrees add sleep@5.1.0
134 silly decomposeActions action count 16
135 silly decomposeActions fetch nan@2.5.0
136 silly decomposeActions extract nan@2.5.0
137 silly decomposeActions test nan@2.5.0
138 silly decomposeActions preinstall nan@2.5.0
139 silly decomposeActions build nan@2.5.0
140 silly decomposeActions install nan@2.5.0
141 silly decomposeActions postinstall nan@2.5.0
142 silly decomposeActions finalize nan@2.5.0
143 silly decomposeActions fetch sleep@5.1.0
144 silly decomposeActions extract sleep@5.1.0
145 silly decomposeActions test sleep@5.1.0
146 silly decomposeActions preinstall sleep@5.1.0
147 silly decomposeActions build sleep@5.1.0
148 silly decomposeActions install sleep@5.1.0
149 silly decomposeActions postinstall sleep@5.1.0
150 silly decomposeActions finalize sleep@5.1.0
151 silly runTopLevelLifecycles Starting
152 silly executeActions Starting
153 silly install executeActions
154 silly doSerial global-install 0
155 silly doParallel fetch 2
156 verbose correctMkdir C:\Users\hiyoon\AppData\Roaming\npm-cache\_locks correctMkdir not in flight; initializing
157 verbose lock using C:\Users\hiyoon\AppData\Roaming\npm-cache\_locks\staging-e5d9b18b22e1d1a9.lock for c:\Workspace\Hellowd\pwyf_api\node_modules\.staging
158 silly doParallel extract 2
159 silly extract nan@2.5.0
160 silly extract sleep@5.1.0
161 verbose unbuild node_modules\.staging\nan-04794e81
162 verbose unbuild node_modules\.staging\sleep-04fe2c58
163 silly gentlyRm c:\Workspace\Hellowd\pwyf_api\node_modules\.staging\nan-04794e81 is being purged from base c:\Workspace\Hellowd\pwyf_api
164 verbose gentlyRm don't care about contents; nuking c:\Workspace\Hellowd\pwyf_api\node_modules\.staging\nan-04794e81
165 silly gentlyRm c:\Workspace\Hellowd\pwyf_api\node_modules\.staging\sleep-04fe2c58 is being purged from base c:\Workspace\Hellowd\pwyf_api
166 verbose gentlyRm don't care about contents; nuking c:\Workspace\Hellowd\pwyf_api\node_modules\.staging\sleep-04fe2c58
167 verbose tar unpack C:\Users\hiyoon\AppData\Roaming\npm-cache\nan\2.5.0\package.tgz
168 verbose tar unpacking to c:\Workspace\Hellowd\pwyf_api\node_modules\.staging\nan-04794e81
169 silly gentlyRm c:\Workspace\Hellowd\pwyf_api\node_modules\.staging\nan-04794e81 is being purged
170 verbose gentlyRm don't care about contents; nuking c:\Workspace\Hellowd\pwyf_api\node_modules\.staging\nan-04794e81
171 verbose tar unpack C:\Users\hiyoon\AppData\Roaming\npm-cache\sleep\5.1.0\package.tgz
172 verbose tar unpacking to c:\Workspace\Hellowd\pwyf_api\node_modules\.staging\sleep-04fe2c58
173 silly gentlyRm c:\Workspace\Hellowd\pwyf_api\node_modules\.staging\sleep-04fe2c58 is being purged
174 verbose gentlyRm don't care about contents; nuking c:\Workspace\Hellowd\pwyf_api\node_modules\.staging\sleep-04fe2c58
175 silly gunzTarPerm modes [ '777', '666' ]
176 silly gunzTarPerm modes [ '777', '666' ]
177 silly gunzTarPerm extractEntry package.json
178 silly gunzTarPerm modified mode [ 'package.json', 436, 438 ]
179 silly gunzTarPerm extractEntry package.json
180 silly gunzTarPerm modified mode [ 'package.json', 436, 438 ]
181 silly gunzTarPerm extractEntry README.md
182 silly gunzTarPerm modified mode [ 'README.md', 436, 438 ]
183 silly gunzTarPerm extractEntry .npmignore
184 silly gunzTarPerm modified mode [ '.npmignore', 436, 438 ]
185 silly gunzTarPerm extractEntry README.md
186 silly gunzTarPerm modified mode [ 'README.md', 436, 438 ]
187 silly gunzTarPerm extractEntry include_dirs.js
188 silly gunzTarPerm modified mode [ 'include_dirs.js', 436, 438 ]
189 silly gunzTarPerm extractEntry test.js
190 silly gunzTarPerm modified mode [ 'test.js', 436, 438 ]
191 silly gunzTarPerm extractEntry index.js
192 silly gunzTarPerm modified mode [ 'index.js', 436, 438 ]
193 silly gunzTarPerm extractEntry nan_converters.h
194 silly gunzTarPerm modified mode [ 'nan_converters.h', 436, 438 ]
195 silly gunzTarPerm extractEntry CHANGELOG.md
196 silly gunzTarPerm modified mode [ 'CHANGELOG.md', 436, 438 ]
197 silly gunzTarPerm extractEntry LICENSE.md
198 silly gunzTarPerm modified mode [ 'LICENSE.md', 436, 438 ]
199 silly gunzTarPerm extractEntry doc/node_misc.md
200 silly gunzTarPerm modified mode [ 'doc/node_misc.md', 436, 438 ]
201 silly gunzTarPerm extractEntry LICENSE.txt
202 silly gunzTarPerm modified mode [ 'LICENSE.txt', 436, 438 ]
203 silly gunzTarPerm extractEntry sleep.cc
204 silly gunzTarPerm modified mode [ 'sleep.cc', 436, 438 ]
205 silly gunzTarPerm extractEntry doc/asyncworker.md
206 silly gunzTarPerm modified mode [ 'doc/asyncworker.md', 436, 438 ]
207 silly gunzTarPerm extractEntry doc/callback.md
208 silly gunzTarPerm modified mode [ 'doc/callback.md', 436, 438 ]
209 silly gunzTarPerm extractEntry binding.gyp
210 silly gunzTarPerm modified mode [ 'binding.gyp', 436, 438 ]
211 silly gunzTarPerm extractEntry doc/converters.md
212 silly gunzTarPerm modified mode [ 'doc/converters.md', 436, 438 ]
213 silly gunzTarPerm extractEntry doc/errors.md
214 silly gunzTarPerm modified mode [ 'doc/errors.md', 436, 438 ]
215 silly gunzTarPerm extractEntry doc/maybe_types.md
216 silly gunzTarPerm modified mode [ 'doc/maybe_types.md', 436, 438 ]
217 silly gunzTarPerm extractEntry doc/methods.md
218 silly gunzTarPerm modified mode [ 'doc/methods.md', 436, 438 ]
219 silly gunzTarPerm extractEntry doc/new.md
220 silly gunzTarPerm modified mode [ 'doc/new.md', 436, 438 ]
221 silly gunzTarPerm extractEntry doc/buffers.md
222 silly gunzTarPerm modified mode [ 'doc/buffers.md', 436, 438 ]
223 silly gunzTarPerm extractEntry doc/object_wrappers.md
224 silly gunzTarPerm modified mode [ 'doc/object_wrappers.md', 436, 438 ]
225 silly gunzTarPerm extractEntry doc/persistent.md
226 silly gunzTarPerm modified mode [ 'doc/persistent.md', 436, 438 ]
227 silly gunzTarPerm extractEntry doc/scopes.md
228 silly gunzTarPerm modified mode [ 'doc/scopes.md', 436, 438 ]
229 silly gunzTarPerm extractEntry doc/script.md
230 silly gunzTarPerm modified mode [ 'doc/script.md', 436, 438 ]
231 silly gunzTarPerm extractEntry doc/string_bytes.md
232 silly gunzTarPerm modified mode [ 'doc/string_bytes.md', 436, 438 ]
233 silly gunzTarPerm extractEntry doc/v8_internals.md
234 silly gunzTarPerm modified mode [ 'doc/v8_internals.md', 436, 438 ]
235 silly gunzTarPerm extractEntry doc/v8_misc.md
236 silly gunzTarPerm modified mode [ 'doc/v8_misc.md', 436, 438 ]
237 silly gentlyRm c:\Workspace\Hellowd\pwyf_api\node_modules\.staging\sleep-04fe2c58\node_modules is being purged
238 verbose gentlyRm don't care about contents; nuking c:\Workspace\Hellowd\pwyf_api\node_modules\.staging\sleep-04fe2c58\node_modules
239 silly gunzTarPerm extractEntry nan.h
240 silly gunzTarPerm modified mode [ 'nan.h', 436, 438 ]
241 silly gunzTarPerm extractEntry nan_callbacks.h
242 silly gunzTarPerm modified mode [ 'nan_callbacks.h', 436, 438 ]
243 silly gunzTarPerm extractEntry nan_callbacks_12_inl.h
244 silly gunzTarPerm modified mode [ 'nan_callbacks_12_inl.h', 436, 438 ]
245 silly gunzTarPerm extractEntry nan_callbacks_pre_12_inl.h
246 silly gunzTarPerm modified mode [ 'nan_callbacks_pre_12_inl.h', 436, 438 ]
247 silly gunzTarPerm extractEntry nan_converters_43_inl.h
248 silly gunzTarPerm modified mode [ 'nan_converters_43_inl.h', 436, 438 ]
249 silly gunzTarPerm extractEntry nan_converters_pre_43_inl.h
250 silly gunzTarPerm modified mode [ 'nan_converters_pre_43_inl.h', 436, 438 ]
251 silly gunzTarPerm extractEntry nan_implementation_12_inl.h
252 silly gunzTarPerm modified mode [ 'nan_implementation_12_inl.h', 436, 438 ]
253 silly gunzTarPerm extractEntry nan_implementation_pre_12_inl.h
254 silly gunzTarPerm modified mode [ 'nan_implementation_pre_12_inl.h', 436, 438 ]
255 silly gunzTarPerm extractEntry nan_maybe_43_inl.h
256 silly gunzTarPerm modified mode [ 'nan_maybe_43_inl.h', 436, 438 ]
257 silly gunzTarPerm extractEntry nan_maybe_pre_43_inl.h
258 silly gunzTarPerm modified mode [ 'nan_maybe_pre_43_inl.h', 436, 438 ]
259 silly gunzTarPerm extractEntry nan_new.h
260 silly gunzTarPerm modified mode [ 'nan_new.h', 436, 438 ]
261 silly gunzTarPerm extractEntry nan_object_wrap.h
262 silly gunzTarPerm modified mode [ 'nan_object_wrap.h', 436, 438 ]
263 silly gunzTarPerm extractEntry nan_persistent_12_inl.h
264 silly gunzTarPerm modified mode [ 'nan_persistent_12_inl.h', 436, 438 ]
265 silly gunzTarPerm extractEntry nan_persistent_pre_12_inl.h
266 silly gunzTarPerm modified mode [ 'nan_persistent_pre_12_inl.h', 436, 438 ]
267 silly gunzTarPerm extractEntry nan_private.h
268 silly gunzTarPerm modified mode [ 'nan_private.h', 436, 438 ]
269 silly gunzTarPerm extractEntry nan_string_bytes.h
270 silly gunzTarPerm modified mode [ 'nan_string_bytes.h', 436, 438 ]
271 silly gunzTarPerm extractEntry nan_typedarray_contents.h
272 silly gunzTarPerm modified mode [ 'nan_typedarray_contents.h', 436, 438 ]
273 silly gunzTarPerm extractEntry nan_weak.h
274 silly gunzTarPerm modified mode [ 'nan_weak.h', 436, 438 ]
275 silly gunzTarPerm extractEntry tools/package.json
276 silly gunzTarPerm modified mode [ 'tools/package.json', 436, 438 ]
277 silly gunzTarPerm extractEntry tools/README.md
278 silly gunzTarPerm modified mode [ 'tools/README.md', 436, 438 ]
279 silly gunzTarPerm extractEntry tools/1to2.js
280 silly gunzTarPerm modified mode [ 'tools/1to2.js', 509, 511 ]
281 silly gentlyRm c:\Workspace\Hellowd\pwyf_api\node_modules\.staging\nan-04794e81\node_modules is being purged
282 verbose gentlyRm don't care about contents; nuking c:\Workspace\Hellowd\pwyf_api\node_modules\.staging\nan-04794e81\node_modules
283 silly doParallel preinstall 2
284 silly preinstall nan@2.5.0 c:\Workspace\Hellowd\pwyf_api\node_modules\.staging\nan-04794e81
285 info lifecycle nan@2.5.0~preinstall: nan@2.5.0
286 silly preinstall sleep@5.1.0 c:\Workspace\Hellowd\pwyf_api\node_modules\.staging\sleep-04fe2c58
287 info lifecycle sleep@5.1.0~preinstall: sleep@5.1.0
288 silly lifecycle nan@2.5.0~preinstall: no script for preinstall, continuing
289 silly lifecycle sleep@5.1.0~preinstall: no script for preinstall, continuing
290 silly doReverseSerial remove 0
291 silly doSerial move 0
292 silly doSerial finalize 2
293 silly finalize c:\Workspace\Hellowd\pwyf_api\node_modules\nan
294 silly finalize c:\Workspace\Hellowd\pwyf_api\node_modules\sleep
295 silly doSerial build 2
296 silly build nan@2.5.0
297 info linkStuff nan@2.5.0
298 silly linkStuff nan@2.5.0 has c:\Workspace\Hellowd\pwyf_api\node_modules as its parent node_modules
299 verbose linkBins nan@2.5.0
300 verbose linkMans nan@2.5.0
301 silly build sleep@5.1.0
302 info linkStuff sleep@5.1.0
303 silly linkStuff sleep@5.1.0 has c:\Workspace\Hellowd\pwyf_api\node_modules as its parent node_modules
304 verbose linkBins sleep@5.1.0
305 verbose linkMans sleep@5.1.0
306 silly doSerial global-link 0
307 silly doParallel update-linked 0
308 silly doSerial install 2
309 silly install nan@2.5.0 c:\Workspace\Hellowd\pwyf_api\node_modules\.staging\nan-04794e81
310 info lifecycle nan@2.5.0~install: nan@2.5.0
311 silly lifecycle nan@2.5.0~install: no script for install, continuing
312 silly install sleep@5.1.0 c:\Workspace\Hellowd\pwyf_api\node_modules\.staging\sleep-04fe2c58
313 info lifecycle sleep@5.1.0~install: sleep@5.1.0
314 verbose lifecycle sleep@5.1.0~install: unsafe-perm in lifecycle true
315 verbose lifecycle sleep@5.1.0~install: PATH: C:\Program Files\nodejs\node_modules\npm\bin\node-gyp-bin;c:\Workspace\Hellowd\pwyf_api\node_modules\sleep\node_modules\.bin;c:\Workspace\Hellowd\pwyf_api\node_modules\.bin;C:\ProgramData\Oracle\Java\javapath;C:\Windows\system32;C:\Windows;C:\Windows\System32\Wbem;C:\Windows\System32\WindowsPowerShell\v1.0\;C:\Program Files\Java\jdk1.8.0_111\bin;C:\Program Files\MySQL\MySQL Utilities 1.6\;C:\Windows\system32\config\systemprofile\.dnx\bin;C:\Program Files\Microsoft DNX\Dnvm\;C:\Program Files\Microsoft SQL Server\130\Tools\Binn\;C:\Program Files\Git\cmd;C:\Program Files\nodejs\;C:\Program Files\Crucial\Crucial Storage Executive;C:\Users\hiyoon\AppData\Local\Microsoft\WindowsApps;C:\Program Files\Bandizip\7z;C:\Users\hiyoon\AppData\Roaming\npm
316 verbose lifecycle sleep@5.1.0~install: CWD: c:\Workspace\Hellowd\pwyf_api\node_modules\sleep
317 silly lifecycle sleep@5.1.0~install: Args: [ '/d /s /c', 'node-gyp rebuild' ]
318 silly lifecycle sleep@5.1.0~install: Returned: code: 1  signal: null
319 info lifecycle sleep@5.1.0~install: Failed to exec install script
320 verbose unlock done using C:\Users\hiyoon\AppData\Roaming\npm-cache\_locks\staging-e5d9b18b22e1d1a9.lock for c:\Workspace\Hellowd\pwyf_api\node_modules\.staging
321 silly rollbackFailedOptional Starting
322 silly rollbackFailedOptional Finishing
323 silly runTopLevelLifecycles Finishing
324 silly install printInstalled
325 verbose stack Error: sleep@5.1.0 install: `node-gyp rebuild`
325 verbose stack Exit status 1
325 verbose stack     at EventEmitter.<anonymous> (C:\Program Files\nodejs\node_modules\npm\lib\utils\lifecycle.js:255:16)
325 verbose stack     at emitTwo (events.js:106:13)
325 verbose stack     at EventEmitter.emit (events.js:191:7)
325 verbose stack     at ChildProcess.<anonymous> (C:\Program Files\nodejs\node_modules\npm\lib\utils\spawn.js:40:14)
325 verbose stack     at emitTwo (events.js:106:13)
325 verbose stack     at ChildProcess.emit (events.js:191:7)
325 verbose stack     at maybeClose (internal/child_process.js:877:16)
325 verbose stack     at Process.ChildProcess._handle.onexit (internal/child_process.js:226:5)
326 verbose pkgid sleep@5.1.0
327 verbose cwd c:\Workspace\Hellowd\pwyf_api
328 error Windows_NT 10.0.14393
329 error argv "C:\\Program Files\\nodejs\\node.exe" "C:\\Program Files\\nodejs\\node_modules\\npm\\bin\\npm-cli.js" "install" "sleep" "--save"
330 error node v6.9.2
331 error npm  v3.10.9
332 error code ELIFECYCLE
333 error sleep@5.1.0 install: `node-gyp rebuild`
333 error Exit status 1
334 error Failed at the sleep@5.1.0 install script 'node-gyp rebuild'.
334 error Make sure you have the latest version of node.js and npm installed.
334 error If you do, this is most likely a problem with the sleep package,
334 error not with npm itself.
334 error Tell the author that this fails on your system:
334 error     node-gyp rebuild
334 error You can get information on how to open an issue for this project with:
334 error     npm bugs sleep
334 error Or if that isn't available, you can get their info via:
334 error     npm owner ls sleep
334 error There is likely additional logging output above.
335 verbose exit [ 1, true ]
